19:38:39,769 (main) INFO  [DataNucleus.Enhancer] - DataNucleus Enhancer for API "JDO"
19:38:40,009 (main) WARN  [DataNucleus.General] - Extension Point "org.datanucleus.implementation_creator" not registered, but plugin "org.datanucleus.enhancer" defined in file:/Users/anshugaind/.m2/repository/org/datanucleus/datanucleus-enhancer/3.1.1/datanucleus-enhancer-3.1.1.jar refers to it.
19:38:40,066 (main) INFO  [DataNucleus.Enhancer] - DataNucleus Enhancer (version 3.1.1) : Enhancement of classes
19:38:40,144 (main) ERROR [DataNucleus.Persistence] - User-defined type mapping class "org.datanucleus.store.types.sco.simple.Collection" was not found. Please check the mapping file class specifications and your CLASSPATH. The class must be in the CLASSPATH.
19:38:40,145 (main) ERROR [DataNucleus.Persistence] - User-defined type mapping class "org.datanucleus.store.types.sco.simple.Collection" was not found. Please check the mapping file class specifications and your CLASSPATH. The class must be in the CLASSPATH.
19:38:40,145 (main) ERROR [DataNucleus.Persistence] - User-defined type mapping class "org.datanucleus.store.types.sco.simple.Collection" was not found. Please check the mapping file class specifications and your CLASSPATH. The class must be in the CLASSPATH.
19:38:40,146 (main) ERROR [DataNucleus.Persistence] - User-defined type mapping class "org.datanucleus.store.types.sco.simple.Collection" was not found. Please check the mapping file class specifications and your CLASSPATH. The class must be in the CLASSPATH.
19:38:40,147 (main) ERROR [DataNucleus.Persistence] - User-defined type mapping class "org.datanucleus.store.types.sco.simple.Collection" was not found. Please check the mapping file class specifications and your CLASSPATH. The class must be in the CLASSPATH.
19:38:40,147 (main) ERROR [DataNucleus.Persistence] - User-defined type mapping class "org.datanucleus.store.types.sco.simple.Collection" was not found. Please check the mapping file class specifications and your CLASSPATH. The class must be in the CLASSPATH.
19:38:40,148 (main) ERROR [DataNucleus.Persistence] - User-defined type mapping class "org.datanucleus.store.types.sco.simple.Collection" was not found. Please check the mapping file class specifications and your CLASSPATH. The class must be in the CLASSPATH.
19:38:40,148 (main) ERROR [DataNucleus.Persistence] - User-defined type mapping class "org.datanucleus.store.types.sco.simple.Collection" was not found. Please check the mapping file class specifications and your CLASSPATH. The class must be in the CLASSPATH.
19:38:40,149 (main) ERROR [DataNucleus.Persistence] - User-defined type mapping class "org.datanucleus.store.types.sco.simple.Collection" was not found. Please check the mapping file class specifications and your CLASSPATH. The class must be in the CLASSPATH.
19:38:40,150 (main) ERROR [DataNucleus.Persistence] - User-defined type mapping class "org.datanucleus.store.types.sco.simple.Collection" was not found. Please check the mapping file class specifications and your CLASSPATH. The class must be in the CLASSPATH.
19:38:40,151 (main) ERROR [DataNucleus.Persistence] - User-defined type mapping class "org.datanucleus.store.types.sco.simple.Collection" was not found. Please check the mapping file class specifications and your CLASSPATH. The class must be in the CLASSPATH.
19:38:40,152 (main) ERROR [DataNucleus.Persistence] - User-defined type mapping class "org.datanucleus.store.types.sco.simple.Collection" was not found. Please check the mapping file class specifications and your CLASSPATH. The class must be in the CLASSPATH.
19:38:40,154 (main) ERROR [DataNucleus.Persistence] - User-defined type mapping class "org.datanucleus.store.types.sco.simple.Collection" was not found. Please check the mapping file class specifications and your CLASSPATH. The class must be in the CLASSPATH.
19:38:40,155 (main) ERROR [DataNucleus.Persistence] - User-defined type mapping class "org.datanucleus.store.types.sco.simple.Collection" was not found. Please check the mapping file class specifications and your CLASSPATH. The class must be in the CLASSPATH.
19:38:40,156 (main) ERROR [DataNucleus.Persistence] - User-defined type mapping class "org.datanucleus.store.types.sco.simple.Collection" was not found. Please check the mapping file class specifications and your CLASSPATH. The class must be in the CLASSPATH.
19:38:40,157 (main) ERROR [DataNucleus.Persistence] - User-defined type mapping class "org.datanucleus.store.types.sco.simple.Collection" was not found. Please check the mapping file class specifications and your CLASSPATH. The class must be in the CLASSPATH.
19:38:40,158 (main) ERROR [DataNucleus.Persistence] - User-defined type mapping class "org.datanucleus.store.types.sco.simple.Collection" was not found. Please check the mapping file class specifications and your CLASSPATH. The class must be in the CLASSPATH.
19:38:40,159 (main) ERROR [DataNucleus.Persistence] - User-defined type mapping class "org.datanucleus.store.types.sco.simple.Collection" was not found. Please check the mapping file class specifications and your CLASSPATH. The class must be in the CLASSPATH.
19:38:40,160 (main) ERROR [DataNucleus.Persistence] - User-defined type mapping class "org.datanucleus.store.types.sco.simple.Collection" was not found. Please check the mapping file class specifications and your CLASSPATH. The class must be in the CLASSPATH.
19:38:40,161 (main) ERROR [DataNucleus.Persistence] - User-defined type mapping class "org.datanucleus.store.types.sco.simple.Collection" was not found. Please check the mapping file class specifications and your CLASSPATH. The class must be in the CLASSPATH.
19:38:40,162 (main) ERROR [DataNucleus.Persistence] - User-defined type mapping class "org.datanucleus.store.types.sco.simple.Collection" was not found. Please check the mapping file class specifications and your CLASSPATH. The class must be in the CLASSPATH.
19:38:40,163 (main) ERROR [DataNucleus.Persistence] - User-defined type mapping class "org.datanucleus.store.types.sco.simple.Collection" was not found. Please check the mapping file class specifications and your CLASSPATH. The class must be in the CLASSPATH.
19:38:40,164 (main) ERROR [DataNucleus.Persistence] - User-defined type mapping class "org.datanucleus.store.types.sco.simple.Collection" was not found. Please check the mapping file class specifications and your CLASSPATH. The class must be in the CLASSPATH.
19:38:40,165 (main) ERROR [DataNucleus.Persistence] - User-defined type mapping class "org.datanucleus.store.types.sco.simple.Collection" was not found. Please check the mapping file class specifications and your CLASSPATH. The class must be in the CLASSPATH.
19:38:40,166 (main) ERROR [DataNucleus.Persistence] - User-defined type mapping class "org.datanucleus.store.types.sco.simple.Collection" was not found. Please check the mapping file class specifications and your CLASSPATH. The class must be in the CLASSPATH.
19:38:40,166 (main) ERROR [DataNucleus.Persistence] - User-defined type mapping class "org.datanucleus.store.types.sco.simple.List" was not found. Please check the mapping file class specifications and your CLASSPATH. The class must be in the CLASSPATH.
19:38:40,167 (main) ERROR [DataNucleus.Persistence] - User-defined type mapping class "org.datanucleus.store.types.sco.simple.List" was not found. Please check the mapping file class specifications and your CLASSPATH. The class must be in the CLASSPATH.
19:38:40,168 (main) ERROR [DataNucleus.Persistence] - User-defined type mapping class "org.datanucleus.store.types.sco.simple.List" was not found. Please check the mapping file class specifications and your CLASSPATH. The class must be in the CLASSPATH.
19:38:40,168 (main) ERROR [DataNucleus.Persistence] - User-defined type mapping class "org.datanucleus.store.types.sco.simple.List" was not found. Please check the mapping file class specifications and your CLASSPATH. The class must be in the CLASSPATH.
19:38:40,169 (main) ERROR [DataNucleus.Persistence] - User-defined type mapping class "org.datanucleus.store.types.sco.simple.List" was not found. Please check the mapping file class specifications and your CLASSPATH. The class must be in the CLASSPATH.
19:38:40,169 (main) ERROR [DataNucleus.Persistence] - User-defined type mapping class "org.datanucleus.store.types.sco.simple.List" was not found. Please check the mapping file class specifications and your CLASSPATH. The class must be in the CLASSPATH.
19:38:40,170 (main) ERROR [DataNucleus.Persistence] - User-defined type mapping class "org.datanucleus.store.types.sco.simple.List" was not found. Please check the mapping file class specifications and your CLASSPATH. The class must be in the CLASSPATH.
19:38:40,171 (main) ERROR [DataNucleus.Persistence] - User-defined type mapping class "org.datanucleus.store.types.sco.simple.List" was not found. Please check the mapping file class specifications and your CLASSPATH. The class must be in the CLASSPATH.
19:38:40,171 (main) ERROR [DataNucleus.Persistence] - User-defined type mapping class "org.datanucleus.store.types.sco.simple.List" was not found. Please check the mapping file class specifications and your CLASSPATH. The class must be in the CLASSPATH.
19:38:40,172 (main) ERROR [DataNucleus.Persistence] - User-defined type mapping class "org.datanucleus.store.types.sco.simple.List" was not found. Please check the mapping file class specifications and your CLASSPATH. The class must be in the CLASSPATH.
19:38:40,173 (main) ERROR [DataNucleus.Persistence] - User-defined type mapping class "org.datanucleus.store.types.sco.simple.List" was not found. Please check the mapping file class specifications and your CLASSPATH. The class must be in the CLASSPATH.
19:38:40,173 (main) ERROR [DataNucleus.Persistence] - User-defined type mapping class "org.datanucleus.store.types.sco.simple.List" was not found. Please check the mapping file class specifications and your CLASSPATH. The class must be in the CLASSPATH.
19:38:40,174 (main) ERROR [DataNucleus.Persistence] - User-defined type mapping class "org.datanucleus.store.types.sco.simple.List" was not found. Please check the mapping file class specifications and your CLASSPATH. The class must be in the CLASSPATH.
19:38:40,174 (main) ERROR [DataNucleus.Persistence] - User-defined type mapping class "org.datanucleus.store.types.sco.simple.List" was not found. Please check the mapping file class specifications and your CLASSPATH. The class must be in the CLASSPATH.
19:38:40,175 (main) ERROR [DataNucleus.Persistence] - User-defined type mapping class "org.datanucleus.store.types.sco.simple.List" was not found. Please check the mapping file class specifications and your CLASSPATH. The class must be in the CLASSPATH.
19:38:40,176 (main) ERROR [DataNucleus.Persistence] - User-defined type mapping class "org.datanucleus.store.types.sco.simple.List" was not found. Please check the mapping file class specifications and your CLASSPATH. The class must be in the CLASSPATH.
19:38:40,176 (main) ERROR [DataNucleus.Persistence] - User-defined type mapping class "org.datanucleus.store.types.sco.simple.List" was not found. Please check the mapping file class specifications and your CLASSPATH. The class must be in the CLASSPATH.
19:38:40,177 (main) ERROR [DataNucleus.Persistence] - User-defined type mapping class "org.datanucleus.store.types.sco.simple.List" was not found. Please check the mapping file class specifications and your CLASSPATH. The class must be in the CLASSPATH.
19:38:40,177 (main) ERROR [DataNucleus.Persistence] - User-defined type mapping class "org.datanucleus.store.types.sco.simple.List" was not found. Please check the mapping file class specifications and your CLASSPATH. The class must be in the CLASSPATH.
19:38:40,178 (main) ERROR [DataNucleus.Persistence] - User-defined type mapping class "org.datanucleus.store.types.sco.simple.List" was not found. Please check the mapping file class specifications and your CLASSPATH. The class must be in the CLASSPATH.
19:38:40,178 (main) ERROR [DataNucleus.Persistence] - User-defined type mapping class "org.datanucleus.store.types.sco.simple.List" was not found. Please check the mapping file class specifications and your CLASSPATH. The class must be in the CLASSPATH.
19:38:40,179 (main) ERROR [DataNucleus.Persistence] - User-defined type mapping class "org.datanucleus.store.types.sco.simple.List" was not found. Please check the mapping file class specifications and your CLASSPATH. The class must be in the CLASSPATH.
19:38:40,180 (main) ERROR [DataNucleus.Persistence] - User-defined type mapping class "org.datanucleus.store.types.sco.simple.List" was not found. Please check the mapping file class specifications and your CLASSPATH. The class must be in the CLASSPATH.
19:38:40,180 (main) ERROR [DataNucleus.Persistence] - User-defined type mapping class "org.datanucleus.store.types.sco.simple.List" was not found. Please check the mapping file class specifications and your CLASSPATH. The class must be in the CLASSPATH.
19:38:40,181 (main) ERROR [DataNucleus.Persistence] - User-defined type mapping class "org.datanucleus.store.types.sco.simple.List" was not found. Please check the mapping file class specifications and your CLASSPATH. The class must be in the CLASSPATH.
19:38:40,181 (main) ERROR [DataNucleus.Persistence] - User-defined type mapping class "org.datanucleus.store.types.sco.simple.Set" was not found. Please check the mapping file class specifications and your CLASSPATH. The class must be in the CLASSPATH.
19:38:40,182 (main) ERROR [DataNucleus.Persistence] - User-defined type mapping class "org.datanucleus.store.types.sco.simple.Set" was not found. Please check the mapping file class specifications and your CLASSPATH. The class must be in the CLASSPATH.
19:38:40,183 (main) ERROR [DataNucleus.Persistence] - User-defined type mapping class "org.datanucleus.store.types.sco.simple.Set" was not found. Please check the mapping file class specifications and your CLASSPATH. The class must be in the CLASSPATH.
19:38:40,183 (main) ERROR [DataNucleus.Persistence] - User-defined type mapping class "org.datanucleus.store.types.sco.simple.Set" was not found. Please check the mapping file class specifications and your CLASSPATH. The class must be in the CLASSPATH.
19:38:40,184 (main) ERROR [DataNucleus.Persistence] - User-defined type mapping class "org.datanucleus.store.types.sco.simple.Set" was not found. Please check the mapping file class specifications and your CLASSPATH. The class must be in the CLASSPATH.
19:38:40,184 (main) ERROR [DataNucleus.Persistence] - User-defined type mapping class "org.datanucleus.store.types.sco.simple.Set" was not found. Please check the mapping file class specifications and your CLASSPATH. The class must be in the CLASSPATH.
19:38:40,185 (main) ERROR [DataNucleus.Persistence] - User-defined type mapping class "org.datanucleus.store.types.sco.simple.Set" was not found. Please check the mapping file class specifications and your CLASSPATH. The class must be in the CLASSPATH.
19:38:40,185 (main) ERROR [DataNucleus.Persistence] - User-defined type mapping class "org.datanucleus.store.types.sco.simple.Set" was not found. Please check the mapping file class specifications and your CLASSPATH. The class must be in the CLASSPATH.
19:38:40,186 (main) ERROR [DataNucleus.Persistence] - User-defined type mapping class "org.datanucleus.store.types.sco.simple.Set" was not found. Please check the mapping file class specifications and your CLASSPATH. The class must be in the CLASSPATH.
19:38:40,186 (main) ERROR [DataNucleus.Persistence] - User-defined type mapping class "org.datanucleus.store.types.sco.simple.Set" was not found. Please check the mapping file class specifications and your CLASSPATH. The class must be in the CLASSPATH.
19:38:40,187 (main) ERROR [DataNucleus.Persistence] - User-defined type mapping class "org.datanucleus.store.types.sco.simple.Set" was not found. Please check the mapping file class specifications and your CLASSPATH. The class must be in the CLASSPATH.
19:38:40,187 (main) ERROR [DataNucleus.Persistence] - User-defined type mapping class "org.datanucleus.store.types.sco.simple.Set" was not found. Please check the mapping file class specifications and your CLASSPATH. The class must be in the CLASSPATH.
19:38:40,188 (main) ERROR [DataNucleus.Persistence] - User-defined type mapping class "org.datanucleus.store.types.sco.simple.Set" was not found. Please check the mapping file class specifications and your CLASSPATH. The class must be in the CLASSPATH.
19:38:40,188 (main) ERROR [DataNucleus.Persistence] - User-defined type mapping class "org.datanucleus.store.types.sco.simple.Set" was not found. Please check the mapping file class specifications and your CLASSPATH. The class must be in the CLASSPATH.
19:38:40,189 (main) ERROR [DataNucleus.Persistence] - User-defined type mapping class "org.datanucleus.store.types.sco.simple.Set" was not found. Please check the mapping file class specifications and your CLASSPATH. The class must be in the CLASSPATH.
19:38:40,189 (main) ERROR [DataNucleus.Persistence] - User-defined type mapping class "org.datanucleus.store.types.sco.simple.Set" was not found. Please check the mapping file class specifications and your CLASSPATH. The class must be in the CLASSPATH.
19:38:40,190 (main) ERROR [DataNucleus.Persistence] - User-defined type mapping class "org.datanucleus.store.types.sco.simple.Set" was not found. Please check the mapping file class specifications and your CLASSPATH. The class must be in the CLASSPATH.
19:38:40,191 (main) ERROR [DataNucleus.Persistence] - User-defined type mapping class "org.datanucleus.store.types.sco.simple.Set" was not found. Please check the mapping file class specifications and your CLASSPATH. The class must be in the CLASSPATH.
19:38:40,191 (main) ERROR [DataNucleus.Persistence] - User-defined type mapping class "org.datanucleus.store.types.sco.simple.Set" was not found. Please check the mapping file class specifications and your CLASSPATH. The class must be in the CLASSPATH.
19:38:40,192 (main) ERROR [DataNucleus.Persistence] - User-defined type mapping class "org.datanucleus.store.types.sco.simple.Set" was not found. Please check the mapping file class specifications and your CLASSPATH. The class must be in the CLASSPATH.
19:38:40,192 (main) ERROR [DataNucleus.Persistence] - User-defined type mapping class "org.datanucleus.store.types.sco.simple.Set" was not found. Please check the mapping file class specifications and your CLASSPATH. The class must be in the CLASSPATH.
19:38:40,193 (main) ERROR [DataNucleus.Persistence] - User-defined type mapping class "org.datanucleus.store.types.sco.simple.Set" was not found. Please check the mapping file class specifications and your CLASSPATH. The class must be in the CLASSPATH.
19:38:40,193 (main) ERROR [DataNucleus.Persistence] - User-defined type mapping class "org.datanucleus.store.types.sco.simple.Set" was not found. Please check the mapping file class specifications and your CLASSPATH. The class must be in the CLASSPATH.
19:38:40,194 (main) ERROR [DataNucleus.Persistence] - User-defined type mapping class "org.datanucleus.store.types.sco.simple.Set" was not found. Please check the mapping file class specifications and your CLASSPATH. The class must be in the CLASSPATH.
19:38:40,194 (main) ERROR [DataNucleus.Persistence] - User-defined type mapping class "org.datanucleus.store.types.sco.simple.Set" was not found. Please check the mapping file class specifications and your CLASSPATH. The class must be in the CLASSPATH.
22:30:32,004 (main) INFO  [DataNucleus.Enhancer] - DataNucleus Enhancer for API "JDO"
22:30:32,265 (main) INFO  [DataNucleus.Enhancer] - DataNucleus Enhancer (version 3.1.1) : Enhancement of classes
22:30:32,947 (main) INFO  [DataNucleus.Enhancer] - Writing class file "/Users/anshugaind/Documents/workspace/ContentManager/target/classes/com/cm/accountmanagement/account/Account.class" with enhanced definition
22:30:32,958 (main) INFO  [DataNucleus.Enhancer] - Writing class file "/Users/anshugaind/Documents/workspace/ContentManager/target/classes/com/cm/admin/plan/Plan.class" with enhanced definition
22:30:32,969 (main) INFO  [DataNucleus.Enhancer] - Writing class file "/Users/anshugaind/Documents/workspace/ContentManager/target/classes/com/cm/common/entity/EventLocation.class" with enhanced definition
22:30:32,994 (main) INFO  [DataNucleus.Enhancer] - Writing class file "/Users/anshugaind/Documents/workspace/ContentManager/target/classes/com/cm/contentmanager/application/Application.class" with enhanced definition
22:30:33,005 (main) INFO  [DataNucleus.Enhancer] - Writing class file "/Users/anshugaind/Documents/workspace/ContentManager/target/classes/com/cm/contentmanager/content/Content.class" with enhanced definition
22:30:33,021 (main) INFO  [DataNucleus.Enhancer] - Writing class file "/Users/anshugaind/Documents/workspace/ContentManager/target/classes/com/cm/contentmanager/contentgroup/ContentGroup.class" with enhanced definition
22:30:33,033 (main) INFO  [DataNucleus.Enhancer] - Writing class file "/Users/anshugaind/Documents/workspace/ContentManager/target/classes/com/cm/contentmanager/contentstat/ContentStat.class" with enhanced definition
22:30:33,042 (main) INFO  [DataNucleus.Enhancer] - Writing class file "/Users/anshugaind/Documents/workspace/ContentManager/target/classes/com/cm/contentserver/ContentRequest.class" with enhanced definition
22:30:33,055 (main) INFO  [DataNucleus.Enhancer] - Writing class file "/Users/anshugaind/Documents/workspace/ContentManager/target/classes/com/cm/gcm/GcmRegistrationRequest.class" with enhanced definition
22:30:33,062 (main) INFO  [DataNucleus.Enhancer] - Writing class file "/Users/anshugaind/Documents/workspace/ContentManager/target/classes/com/cm/usermanagement/user/ForgotPasswordRequest.class" with enhanced definition
22:30:33,068 (main) INFO  [DataNucleus.Enhancer] - Writing class file "/Users/anshugaind/Documents/workspace/ContentManager/target/classes/com/cm/usermanagement/user/PasswordChangeRequest.class" with enhanced definition
22:30:33,077 (main) INFO  [DataNucleus.Enhancer] - Writing class file "/Users/anshugaind/Documents/workspace/ContentManager/target/classes/com/cm/usermanagement/user/User.class" with enhanced definition
22:30:33,078 (main) INFO  [DataNucleus.Enhancer] - DataNucleus Enhancer completed with success for 12 classes. Timings : input=616 ms, enhance=193 ms, total=809 ms. Consult the log for full details
